<?xml version="1.0" encoding="UTF-8"?>
<testsuites>
  <testsuite name="CodeIgniter Application Test Suite" tests="2" assertions="2" failures="1" errors="0" time="0.074024">
    <testsuite name="Welcome_test" file="D:\storeDesktop\swe-camp-2019\application\tests\controllers\Welcome_test.php" fullPackage="Welcome" tests="1" assertions="1" failures="0" errors="0" time="0.045490">
      <testcase name="test_index" class="Welcome_test" file="D:\storeDesktop\swe-camp-2019\application\tests\controllers\Welcome_test.php" line="13" assertions="1" time="0.045490"/>
    </testsuite>
    <testsuite name="Example_model_test" file="D:\storeDesktop\swe-camp-2019\application\tests\models\Example_model_test.php" fullPackage="Example.model" tests="1" assertions="1" failures="1" errors="0" time="0.028534">
      <testcase name="test_get_test_list" class="Example_model_test" file="D:\storeDesktop\swe-camp-2019\application\tests\models\Example_model_test.php" line="12" assertions="1" time="0.028534">
        <failure type="PHPUnit_Framework_ExpectationFailedException">Example_model_test::test_get_test_list
Failed asserting that two strings are equal.
--- Expected
+++ Actual
@@ @@
-'hello'
+'asdasd'

D:\storeDesktop\swe-camp-2019\application\tests\models\Example_model_test.php:16
</failure>
      </testcase>
    </testsuite>
  </testsuite>
</testsuites>
